<?xml version="1.0" encoding="UTF-8"?>
<!-- Generated by org.testng.reporters.JUnitReportReporter -->
<testsuite hostname="LAPTOP-20P6ETLE" failures="0" tests="1" name="vtigercrm.Contacts" time="21.904" errors="0" timestamp="2024-03-05T10:08:39 IST" skipped="0">
  <testcase classname="vtigercrm.Contacts" name="Contactstest" time="21.904"/>
  <system-out>
Contactstest Execution is start Contactstest Execution is pass  </system-out>
</testsuite> <!-- vtigercrm.Contacts -->
