<?xml version="1.0" encoding="UTF-8"?>
<!-- Generated by org.testng.reporters.JUnitReportReporter -->
<testsuite hostname="LAPTOP-20P6ETLE" failures="0" tests="1" name="besicTestNG_2.Test7" time="0.006" errors="0" timestamp="2024-03-16T11:37:27 IST" skipped="0">
  <testcase classname="besicTestNG_2.Test7" name="vtiger" time="0.006"/>
  <system-out/>
</testsuite> <!-- besicTestNG_2.Test7 -->
