<?xml version="1.0" encoding="UTF-8"?>
<!-- Generated by org.testng.reporters.JUnitReportReporter -->
<testsuite hostname="LAPTOP-20P6ETLE" failures="0" tests="1" name="basicPOM.JenkinsTest" time="0.011" errors="0" timestamp="2024-03-16T12:34:33 IST" skipped="0">
  <testcase classname="basicPOM.JenkinsTest" name="JKtest" time="0.011"/>
  <system-out/>
</testsuite> <!-- basicPOM.JenkinsTest -->
