<?xml version="1.0" encoding="UTF-8"?>
<!-- Generated by org.testng.reporters.JUnitReportReporter -->
<testsuite hostname="LAPTOP-20P6ETLE" failures="0" tests="4" name="basictestNG.Execution_1" time="20.703" errors="0" timestamp="2024-03-11T10:42:17 IST" skipped="0">
  <testcase classname="basictestNG.Execution_1" name="AjioTest" time="6.216"/>
  <system-out/>
  <testcase classname="basictestNG.Execution_1" name="SwiggyTest" time="3.985"/>
  <system-out/>
  <testcase classname="basictestNG.Execution_1" name="MyntraTest" time="5.347"/>
  <system-out/>
  <testcase classname="basictestNG.Execution_1" name="ZomatoTest" time="5.155"/>
  <system-out/>
</testsuite> <!-- basictestNG.Execution_1 -->
