<?xml version="1.0" encoding="UTF-8"?>
<!-- Generated by org.testng.reporters.JUnitReportReporter -->
<testsuite hostname="LAPTOP-20P6ETLE" failures="0" tests="1" name="vtigerCRM_2.Leads" time="25.572" errors="0" timestamp="2024-03-15T19:12:22 IST" skipped="0">
  <testcase classname="vtigerCRM_2.Leads" name="LeadsTest" time="25.572"/>
  <system-out/>
</testsuite> <!-- vtigerCRM_2.Leads -->
