<?xml version="1.0" encoding="UTF-8"?>
<!-- Generated by org.testng.reporters.JUnitReportReporter -->
<testsuite hostname="LAPTOP-20P6ETLE" failures="0" tests="2" name="basictestNG.Executin_3" time="5.939" errors="0" timestamp="2024-03-07T10:47:04 IST" skipped="0">
  <testcase classname="basictestNG.Executin_3" name="VtigerTest" time="2.832"/>
  <system-out/>
  <testcase classname="basictestNG.Executin_3" name="SkillreryTest" time="3.107"/>
  <system-out/>
</testsuite> <!-- basictestNG.Executin_3 -->
