<?xml version="1.0" encoding="UTF-8"?>
<!-- Generated by org.testng.reporters.JUnitReportReporter -->
<testsuite hostname="LAPTOP-20P6ETLE" failures="0" tests="1" name="basictestNG.Annotation" time="0.006" errors="0" timestamp="2024-03-11T10:40:34 IST" skipped="0">
  <testcase classname="basictestNG.Annotation" name="Myntra" time="0.006"/>
  <system-out/>
</testsuite> <!-- basictestNG.Annotation -->
