<?xml version="1.0" encoding="UTF-8"?>
<!-- Generated by org.testng.reporters.JUnitReportReporter -->
<testsuite hostname="LAPTOP-20P6ETLE" failures="0" tests="4" name="besicTestNG_2.Test1" time="13.562" errors="0" timestamp="2024-03-15T11:23:34 IST" skipped="0">
  <testcase classname="besicTestNG_2.Test1" name="Flipcart" time="3.078"/>
  <system-out/>
  <testcase classname="besicTestNG_2.Test1" name="Amazon" time="3.246"/>
  <system-out/>
  <testcase classname="besicTestNG_2.Test1" name="Amazon" time="4.114"/>
  <system-out/>
  <testcase classname="besicTestNG_2.Test1" name="Flipcart" time="3.124"/>
  <system-out/>
</testsuite> <!-- besicTestNG_2.Test1 -->
