<?xml version="1.0" encoding="UTF-8"?>
<!-- Generated by org.testng.reporters.JUnitReportReporter -->
<testsuite hostname="LAPTOP-20P6ETLE" failures="0" tests="1" name="basictestNG.Softassert" time="5.527" errors="0" timestamp="2024-03-16T10:48:51 IST" skipped="0">
  <testcase classname="basictestNG.Softassert" name="Myntra" time="5.527"/>
  <system-out/>
</testsuite> <!-- basictestNG.Softassert -->
