<?xml version="1.0" encoding="UTF-8"?>
<!-- Generated by org.testng.reporters.JUnitReportReporter -->
<testsuite hostname="LAPTOP-20P6ETLE" failures="0" tests="2" name="basictestNG.Execution_3" time="4.908" errors="0" timestamp="2024-03-07T11:30:08 IST" skipped="0">
  <testcase classname="basictestNG.Execution_3" name="VtigerTest" time="2.090"/>
  <system-out/>
  <testcase classname="basictestNG.Execution_3" name="SkillreryTest" time="2.818"/>
  <system-out/>
</testsuite> <!-- basictestNG.Execution_3 -->
