<?xml version="1.0" encoding="UTF-8"?>
<!-- Generated by org.testng.reporters.JUnitReportReporter -->
<testsuite hostname="LAPTOP-20P6ETLE" failures="0" tests="1" name="vtigercrm.Organization" time="15.920" errors="0" timestamp="2024-03-05T09:58:08 IST" skipped="0">
  <testcase classname="vtigercrm.Organization" name="OrganizationTest" time="15.920"/>
  <system-out/>
</testsuite> <!-- vtigercrm.Organization -->
