<?xml version="1.0" encoding="UTF-8"?>
<!-- Generated by org.testng.reporters.JUnitReportReporter -->
<testsuite hostname="LAPTOP-20P6ETLE" failures="0" tests="5" name="basictestNG.TestNg_1" time="71.274" errors="0" timestamp="2024-02-28T10:31:50 IST" skipped="0">
  <testcase classname="basictestNG.TestNg_1" name="Facebook" time="14.842"/>
  <system-out/>
  <testcase classname="basictestNG.TestNg_1" name="Myntra" time="23.513"/>
  <system-out/>
  <testcase classname="basictestNG.TestNg_1" name="Facebook" time="5.668"/>
  <system-out/>
  <testcase classname="basictestNG.TestNg_1" name="Ajio" time="15.284"/>
  <system-out/>
  <testcase classname="basictestNG.TestNg_1" name="Ajio" time="11.967"/>
  <system-out/>
</testsuite> <!-- basictestNG.TestNg_1 -->
