<?xml version="1.0" encoding="UTF-8"?>
<!-- Generated by org.testng.reporters.JUnitReportReporter -->
<testsuite hostname="LAPTOP-20P6ETLE" failures="0" tests="1" name="basictestNG.Assertfalse" time="16.106" errors="0" timestamp="2024-02-29T10:10:25 IST" skipped="0">
  <testcase classname="basictestNG.Assertfalse" name="myntra" time="16.106"/>
  <system-out/>
</testsuite> <!-- basictestNG.Assertfalse -->
