<?xml version="1.0" encoding="UTF-8"?>
<!-- Generated by org.testng.reporters.JUnitReportReporter -->
<testsuite hostname="LAPTOP-20P6ETLE" failures="0" tests="4" name="basictestNG.Execution_2" time="13.959" errors="0" timestamp="2024-03-07T11:30:08 IST" skipped="0">
  <testcase classname="basictestNG.Execution_2" name="ZomatoTest" time="4.282"/>
  <system-out/>
  <testcase classname="basictestNG.Execution_2" name="MyntraTest" time="3.753"/>
  <system-out/>
  <testcase classname="basictestNG.Execution_2" name="SwiggyTest" time="2.615"/>
  <system-out/>
  <testcase classname="basictestNG.Execution_2" name="AjioTest" time="3.309"/>
  <system-out/>
</testsuite> <!-- basictestNG.Execution_2 -->
